<?xml version="1.0" encoding="UTF-8"?><testsuites failures="2" name="dependency-check" tests="114"><testsuite failures="0" errors="0" time="0" id="0" name="/src/venv/lib/python3.10/site-packages/django/contrib/admin/static/admin/js/admin/DateTimeShortcuts.js" package="DateTimeShortcuts.js" skipped="0" tests="1" timestamp="2025-07-02T18:04:03.057699032"><testcase classname="dependency-check" name="DateTimeShortcuts.js"/></testsuite><testsuite failures="0" errors="0" time="0" id="1" name="/src/venv/lib/python3.10/site-packages/django/contrib/gis/static/gis/js/OLMapWidget.js" package="OLMapWidget.js" skipped="0" tests="1" timestamp="2025-07-02T18:04:03.057699032"><testcase classname="dependency-check" name="OLMapWidget.js"/></testsuite><testsuite failures="0" errors="0" time="0" id="2" name="/src/venv/lib/python3.10/site-packages/django/contrib/admin/static/admin/js/admin/RelatedObjectLookups.js" package="RelatedObjectLookups.js" skipped="0" tests="1" timestamp="2025-07-02T18:04:03.057699032"><testcase classname="dependency-check" name="RelatedObjectLookups.js"/></testsuite><testsuite failures="0" errors="0" time="0" id="3" name="/src/venv/lib/python3.10/site-packages/django/contrib/admin/static/admin/js/SelectBox.js" package="SelectBox.js" skipped="0" tests="1" timestamp="2025-07-02T18:04:03.057699032"><testcase classname="dependency-check" name="SelectBox.js"/></testsuite><testsuite failures="0" errors="0" time="0" id="4" name="/src/venv/lib/python3.10/site-packages/django/contrib/admin/static/admin/js/SelectFilter2.js" package="SelectFilter2.js" skipped="0" tests="1" timestamp="2025-07-02T18:04:03.057699032"><testcase classname="dependency-check" name="SelectFilter2.js"/></testsuite><testsuite failures="0" errors="0" time="0" id="5" name="/src/venv/lib/python3.10/site-packages/django/contrib/admin/static/admin/js/actions.js" package="actions.js" skipped="0" tests="1" timestamp="2025-07-02T18:04:03.057699032"><testcase classname="dependency-check" name="actions.js"/></testsuite><testsuite failures="0" errors="0" time="0" id="6" name="/src/venv/lib/python3.10/site-packages/django/contrib/admin/static/admin/js/vendor/select2/i18n/af.js" package="af.js" skipped="0" tests="1" timestamp="2025-07-02T18:04:03.057699032"><testcase classname="dependency-check" name="af.js"/></testsuite><testsuite failures="0" errors="0" time="0" id="7" name="/src/venv/lib/python3.10/site-packages/rest_framework/static/rest_framework/js/ajax-form.js" package="ajax-form.js" skipped="0" tests="1" timestamp="2025-07-02T18:04:03.057699032"><testcase classname="dependency-check" name="ajax-form.js"/></testsuite><testsuite failures="0" errors="0" time="0" id="8" name="/src/venv/lib/python3.10/site-packages/rest_framework/static/rest_framework/docs/js/api.js" package="api.js" skipped="0" tests="1" timestamp="2025-07-02T18:04:03.057699032"><testcase classname="dependency-check" name="api.js"/></testsuite><testsuite failures="0" errors="0" time="0" id="9" name="/src/venv/lib/python3.10/site-packages/django/contrib/admin/static/admin/js/vendor/select2/i18n/ar.js" package="ar.js" skipped="0" tests="1" timestamp="2025-07-02T18:04:03.057699032"><testcase classname="dependency-check" name="ar.js"/></testsuite><testsuite failures="0" errors="0" time="0" id="10" name="/src/venv/lib/python3.10/site-packages/django/contrib/admin/static/admin/js/autocomplete.js" package="autocomplete.js" skipped="0" tests="1" timestamp="2025-07-02T18:04:03.057699032"><testcase classname="dependency-check" name="autocomplete.js"/></testsuite><testsuite failures="0" errors="0" time="0" id="11" name="/src/venv/lib/python3.10/site-packages/django/contrib/admin/static/admin/js/vendor/select2/i18n/az.js" package="az.js" skipped="0" tests="1" timestamp="2025-07-02T18:04:03.057699032"><testcase classname="dependency-check" name="az.js"/></testsuite><testsuite failures="0" errors="0" time="0" id="12" name="/src/venv/lib/python3.10/site-packages/django/contrib/admin/static/admin/js/vendor/select2/i18n/bg.js" package="bg.js" skipped="0" tests="1" timestamp="2025-07-02T18:04:03.057699032"><testcase classname="dependency-check" name="bg.js"/></testsuite><testsuite failures="0" errors="0" time="0" id="13" name="/src/venv/lib/python3.10/site-packages/django/contrib/admin/static/admin/js/vendor/select2/i18n/bn.js" package="bn.js" skipped="0" tests="1" timestamp="2025-07-02T18:04:03.057699032"><testcase classname="dependency-check" name="bn.js"/></testsuite><testsuite failures="2" errors="0" time="0" id="14" name="/src/venv/lib/python3.10/site-packages/rest_framework/static/rest_framework/js/bootstrap.min.js" package="bootstrap.min.js" skipped="0" tests="2" timestamp="2025-07-02T18:04:03.057699032"><testcase classname="CVE-2024-6484" name="pkg:javascript/bootstrap@3.4.1"><failure message="cvssV3: MEDIUM, score: 6.1 (CVSS:3.1/AV:N/AC:L/PR:N/UI:R/S:C/C:L/I:L/A:N/E:2.8/RC:R/MAV:A)"/><system-out>A vulnerability has been identified in Bootstrap that exposes users to Cross-Site Scripting (XSS) attacks. The issue is present in the carousel component, where the data-slide and data-slide-to attributes can be exploited through the href attribute of an &lt;a&gt; tag due to inadequate sanitization. This vulnerability could potentially enable attackers to execute arbitrary JavaScript within the victim&apos;s browser.</system-out><system-err>location: /src/venv/lib/python3.10/site-packages/rest_framework/static/rest_framework/js/bootstrap.min.js, project-references: [  ]</system-err></testcase><testcase classname="Bootstrap before 4.0.0 is end-of-life and no longer maintained." name="pkg:javascript/bootstrap@3.4.1"><failure message="unscored severity: low"/><system-out>Bootstrap before 4.0.0 is end-of-life and no longer maintained.</system-out><system-err>location: /src/venv/lib/python3.10/site-packages/rest_framework/static/rest_framework/js/bootstrap.min.js, project-references: [  ]</system-err></testcase></testsuite><testsuite failures="0" errors="0" time="0" id="15" name="/src/venv/lib/python3.10/site-packages/django/contrib/admin/static/admin/js/vendor/select2/i18n/bs.js" package="bs.js" skipped="0" tests="1" timestamp="2025-07-02T18:04:03.057699032"><testcase classname="dependency-check" name="bs.js"/></testsuite><testsuite failures="0" errors="0" time="0" id="16" name="/src/venv/lib/python3.10/site-packages/django/contrib/admin/static/admin/js/vendor/select2/i18n/ca.js" package="ca.js" skipped="0" tests="1" timestamp="2025-07-02T18:04:03.057699032"><testcase classname="dependency-check" name="ca.js"/></testsuite><testsuite failures="0" errors="0" time="0" id="17" name="/src/venv/lib/python3.10/site-packages/django/contrib/admin/static/admin/js/calendar.js" package="calendar.js" skipped="0" tests="1" timestamp="2025-07-02T18:04:03.057699032"><testcase classname="dependency-check" name="calendar.js"/></testsuite><testsuite failures="0" errors="0" time="0" id="18" name="/src/venv/lib/python3.10/site-packages/django/contrib/admin/static/admin/js/cancel.js" package="cancel.js" skipped="0" tests="1" timestamp="2025-07-02T18:04:03.057699032"><testcase classname="dependency-check" name="cancel.js"/></testsuite><testsuite failures="0" errors="0" time="0" id="19" name="/src/venv/lib/python3.10/site-packages/django/contrib/admin/static/admin/js/change_form.js" package="change_form.js" skipped="0" tests="1" timestamp="2025-07-02T18:04:03.057699032"><testcase classname="dependency-check" name="change_form.js"/></testsuite><testsuite failures="0" errors="0" time="0" id="20" name="/src/venv/lib/python3.10/site-packages/setuptools/cli-32.exe" package="cli-32.exe" skipped="0" tests="1" timestamp="2025-07-02T18:04:03.057699032"><testcase classname="dependency-check" name="cli-32.exe"/></testsuite><testsuite failures="0" errors="0" time="0" id="21" name="/src/venv/lib/python3.10/site-packages/setuptools/cli-64.exe" package="cli-64.exe" skipped="0" tests="1" timestamp="2025-07-02T18:04:03.057699032"><testcase classname="dependency-check" name="cli-64.exe"/></testsuite><testsuite failures="0" errors="0" time="0" id="22" name="/src/venv/lib/python3.10/site-packages/django/contrib/admin/static/admin/js/collapse.js" package="collapse.js" skipped="0" tests="1" timestamp="2025-07-02T18:04:03.057699032"><testcase classname="dependency-check" name="collapse.js"/></testsuite><testsuite failures="0" errors="0" time="0" id="23" name="/src/venv/lib/python3.10/site-packages/django/contrib/admin/static/admin/js/core.js" package="core.js" skipped="0" tests="1" timestamp="2025-07-02T18:04:03.057699032"><testcase classname="dependency-check" name="core.js"/></testsuite><testsuite failures="0" errors="0" time="0" id="24" name="/src/venv/lib/python3.10/site-packages/rest_framework/static/rest_framework/js/coreapi-0.1.1.js" package="coreapi-0.1.1.js" skipped="0" tests="1" timestamp="2025-07-02T18:04:03.057699032"><testcase classname="dependency-check" name="coreapi-0.1.1.js"/></testsuite><testsuite failures="0" errors="0" time="0" id="25" name="/src/htmlcov/coverage_html_cb_6fb7b396.js" package="coverage_html_cb_6fb7b396.js" skipped="0" tests="1" timestamp="2025-07-02T18:04:03.057699032"><testcase classname="dependency-check" name="coverage_html_cb_6fb7b396.js"/></testsuite><testsuite failures="0" errors="0" time="0" id="26" name="/src/venv/lib/python3.10/site-packages/django/contrib/admin/static/admin/js/vendor/select2/i18n/cs.js" package="cs.js" skipped="0" tests="1" timestamp="2025-07-02T18:04:03.057699032"><testcase classname="dependency-check" name="cs.js"/></testsuite><testsuite failures="0" errors="0" time="0" id="27" name="/src/venv/lib/python3.10/site-packages/rest_framework/static/rest_framework/js/csrf.js" package="csrf.js" skipped="0" tests="1" timestamp="2025-07-02T18:04:03.057699032"><testcase classname="dependency-check" name="csrf.js"/></testsuite><testsuite failures="0" errors="0" time="0" id="28" name="/src/venv/lib/python3.10/site-packages/django/contrib/admin/static/admin/js/vendor/select2/i18n/da.js" package="da.js" skipped="0" tests="1" timestamp="2025-07-02T18:04:03.057699032"><testcase classname="dependency-check" name="da.js"/></testsuite><testsuite failures="0" errors="0" time="0" id="29" name="/src/venv/lib/python3.10/site-packages/django/contrib/admin/static/admin/js/vendor/select2/i18n/de.js" package="de.js" skipped="0" tests="1" timestamp="2025-07-02T18:04:03.057699032"><testcase classname="dependency-check" name="de.js"/></testsuite><testsuite failures="0" errors="0" time="0" id="30" name="/src/venv/lib/python3.10/site-packages/rest_framework/static/rest_framework/js/default.js" package="default.js" skipped="0" tests="1" timestamp="2025-07-02T18:04:03.057699032"><testcase classname="dependency-check" name="default.js"/></testsuite><testsuite failures="0" errors="0" time="0" id="31" name="/src/venv/lib/python3.10/site-packages/django/contrib/admin/static/admin/js/vendor/select2/i18n/dsb.js" package="dsb.js" skipped="0" tests="1" timestamp="2025-07-02T18:04:03.057699032"><testcase classname="dependency-check" name="dsb.js"/></testsuite><testsuite failures="0" errors="0" time="0" id="32" name="/src/venv/lib/python3.10/site-packages/django/contrib/admin/static/admin/js/vendor/select2/i18n/el.js" package="el.js" skipped="0" tests="1" timestamp="2025-07-02T18:04:03.057699032"><testcase classname="dependency-check" name="el.js"/></testsuite><testsuite failures="0" errors="0" time="0" id="33" name="/src/venv/lib/python3.10/site-packages/django/contrib/admin/static/admin/js/vendor/select2/i18n/en.js" package="en.js" skipped="0" tests="1" timestamp="2025-07-02T18:04:03.057699032"><testcase classname="dependency-check" name="en.js"/></testsuite><testsuite failures="0" errors="0" time="0" id="34" name="/src/venv/lib/python3.10/site-packages/django/contrib/admin/static/admin/js/vendor/select2/i18n/es.js" package="es.js" skipped="0" tests="1" timestamp="2025-07-02T18:04:03.057699032"><testcase classname="dependency-check" name="es.js"/></testsuite><testsuite failures="0" errors="0" time="0" id="35" name="/src/venv/lib/python3.10/site-packages/django/contrib/admin/static/admin/js/vendor/select2/i18n/et.js" package="et.js" skipped="0" tests="1" timestamp="2025-07-02T18:04:03.057699032"><testcase classname="dependency-check" name="et.js"/></testsuite><testsuite failures="0" errors="0" time="0" id="36" name="/src/venv/lib/python3.10/site-packages/django/contrib/admin/static/admin/js/vendor/select2/i18n/eu.js" package="eu.js" skipped="0" tests="1" timestamp="2025-07-02T18:04:03.057699032"><testcase classname="dependency-check" name="eu.js"/></testsuite><testsuite failures="0" errors="0" time="0" id="37" name="/src/venv/lib/python3.10/site-packages/django/contrib/admin/static/admin/js/vendor/select2/i18n/fa.js" package="fa.js" skipped="0" tests="1" timestamp="2025-07-02T18:04:03.057699032"><testcase classname="dependency-check" name="fa.js"/></testsuite><testsuite failures="0" errors="0" time="0" id="38" name="/src/venv/lib/python3.10/site-packages/django/contrib/admin/static/admin/js/vendor/select2/i18n/fi.js" package="fi.js" skipped="0" tests="1" timestamp="2025-07-02T18:04:03.057699032"><testcase classname="dependency-check" name="fi.js"/></testsuite><testsuite failures="0" errors="0" time="0" id="39" name="/src/venv/lib/python3.10/site-packages/django/contrib/admin/static/admin/js/filters.js" package="filters.js" skipped="0" tests="1" timestamp="2025-07-02T18:04:03.057699032"><testcase classname="dependency-check" name="filters.js"/></testsuite><testsuite failures="0" errors="0" time="0" id="40" name="/src/venv/lib/python3.10/site-packages/django/contrib/admin/static/admin/js/vendor/select2/i18n/fr.js" package="fr.js" skipped="0" tests="1" timestamp="2025-07-02T18:04:03.057699032"><testcase classname="dependency-check" name="fr.js"/></testsuite><testsuite failures="0" errors="0" time="0" id="41" name="/src/venv/lib/python3.10/site-packages/django/contrib/admin/static/admin/js/vendor/select2/i18n/gl.js" package="gl.js" skipped="0" tests="1" timestamp="2025-07-02T18:04:03.057699032"><testcase classname="dependency-check" name="gl.js"/></testsuite><testsuite failures="0" errors="0" time="0" id="42" name="/src/venv/lib/python3.10/site-packages/setuptools/gui-32.exe" package="gui-32.exe" skipped="0" tests="1" timestamp="2025-07-02T18:04:03.057699032"><testcase classname="dependency-check" name="gui-32.exe"/></testsuite><testsuite failures="0" errors="0" time="0" id="43" name="/src/venv/lib/python3.10/site-packages/setuptools/gui-64.exe" package="gui-64.exe" skipped="0" tests="1" timestamp="2025-07-02T18:04:03.057699032"><testcase classname="dependency-check" name="gui-64.exe"/></testsuite><testsuite failures="0" errors="0" time="0" id="44" name="/src/venv/lib/python3.10/site-packages/setuptools/gui-arm64.exe" package="gui-arm64.exe" skipped="0" tests="1" timestamp="2025-07-02T18:04:03.057699032"><testcase classname="dependency-check" name="gui-arm64.exe"/></testsuite><testsuite failures="0" errors="0" time="0" id="45" name="/src/venv/lib/python3.10/site-packages/django/contrib/admin/static/admin/js/vendor/select2/i18n/he.js" package="he.js" skipped="0" tests="1" timestamp="2025-07-02T18:04:03.057699032"><testcase classname="dependency-check" name="he.js"/></testsuite><testsuite failures="0" errors="0" time="0" id="46" name="/src/venv/lib/python3.10/site-packages/django/contrib/admin/static/admin/js/vendor/select2/i18n/hi.js" package="hi.js" skipped="0" tests="1" timestamp="2025-07-02T18:04:03.057699032"><testcase classname="dependency-check" name="hi.js"/></testsuite><testsuite failures="0" errors="0" time="0" id="47" name="/src/venv/lib/python3.10/site-packages/rest_framework/static/rest_framework/docs/js/highlight.pack.js" package="highlight.pack.js" skipped="0" tests="1" timestamp="2025-07-02T18:04:03.057699032"><testcase classname="dependency-check" name="highlight.pack.js"/></testsuite><testsuite failures="0" errors="0" time="0" id="48" name="/src/venv/lib/python3.10/site-packages/django/contrib/admin/static/admin/js/vendor/select2/i18n/hr.js" package="hr.js" skipped="0" tests="1" timestamp="2025-07-02T18:04:03.057699032"><testcase classname="dependency-check" name="hr.js"/></testsuite><testsuite failures="0" errors="0" time="0" id="49" name="/src/venv/lib/python3.10/site-packages/django/contrib/admin/static/admin/js/vendor/select2/i18n/hsb.js" package="hsb.js" skipped="0" tests="1" timestamp="2025-07-02T18:04:03.057699032"><testcase classname="dependency-check" name="hsb.js"/></testsuite><testsuite failures="0" errors="0" time="0" id="50" name="/src/venv/lib/python3.10/site-packages/django/contrib/admin/static/admin/js/vendor/select2/i18n/hu.js" package="hu.js" skipped="0" tests="1" timestamp="2025-07-02T18:04:03.057699032"><testcase classname="dependency-check" name="hu.js"/></testsuite><testsuite failures="0" errors="0" time="0" id="51" name="/src/venv/lib/python3.10/site-packages/django/contrib/admin/static/admin/js/vendor/select2/i18n/hy.js" package="hy.js" skipped="0" tests="1" timestamp="2025-07-02T18:04:03.057699032"><testcase classname="dependency-check" name="hy.js"/></testsuite><testsuite failures="0" errors="0" time="0" id="52" name="/src/venv/lib/python3.10/site-packages/django/contrib/admin/static/admin/js/vendor/select2/i18n/id.js" package="id.js" skipped="0" tests="1" timestamp="2025-07-02T18:04:03.057699032"><testcase classname="dependency-check" name="id.js"/></testsuite><testsuite failures="0" errors="0" time="0" id="53" name="/src/venv/lib/python3.10/site-packages/django/contrib/admin/static/admin/js/inlines.js" package="inlines.js" skipped="0" tests="1" timestamp="2025-07-02T18:04:03.057699032"><testcase classname="dependency-check" name="inlines.js"/></testsuite><testsuite failures="0" errors="0" time="0" id="54" name="/src/venv/lib/python3.10/site-packages/django/contrib/admin/static/admin/js/vendor/select2/i18n/is.js" package="is.js" skipped="0" tests="1" timestamp="2025-07-02T18:04:03.057699032"><testcase classname="dependency-check" name="is.js"/></testsuite><testsuite failures="0" errors="0" time="0" id="55" name="/src/venv/lib/python3.10/site-packages/django/contrib/admin/static/admin/js/vendor/select2/i18n/it.js" package="it.js" skipped="0" tests="1" timestamp="2025-07-02T18:04:03.057699032"><testcase classname="dependency-check" name="it.js"/></testsuite><testsuite failures="0" errors="0" time="0" id="56" name="/src/venv/lib/python3.10/site-packages/django/contrib/admin/static/admin/js/vendor/select2/i18n/ja.js" package="ja.js" skipped="0" tests="1" timestamp="2025-07-02T18:04:03.057699032"><testcase classname="dependency-check" name="ja.js"/></testsuite><testsuite failures="0" errors="0" time="0" id="57" name="/src/venv/lib/python3.10/site-packages/rest_framework/static/rest_framework/js/jquery-3.5.1.min.js" package="jquery-3.5.1.min.js" skipped="0" tests="1" timestamp="2025-07-02T18:04:03.057699032"><testcase classname="dependency-check" name="jquery-3.5.1.min.js"/></testsuite><testsuite failures="0" errors="0" time="0" id="58" name="/src/venv/lib/python3.10/site-packages/django_extensions/static/django_extensions/js/jquery.ajaxQueue.js" package="jquery.ajaxQueue.js" skipped="0" tests="1" timestamp="2025-07-02T18:04:03.057699032"><testcase classname="dependency-check" name="jquery.ajaxQueue.js"/></testsuite><testsuite failures="0" errors="0" time="0" id="59" name="/src/venv/lib/python3.10/site-packages/django_extensions/static/django_extensions/js/jquery.autocomplete.js" package="jquery.autocomplete.js" skipped="0" tests="1" timestamp="2025-07-02T18:04:03.057699032"><testcase classname="dependency-check" name="jquery.autocomplete.js"/></testsuite><testsuite failures="0" errors="0" time="0" id="60" name="/src/venv/lib/python3.10/site-packages/django_extensions/static/django_extensions/js/jquery.bgiframe.js" package="jquery.bgiframe.js" skipped="0" tests="1" timestamp="2025-07-02T18:04:03.057699032"><testcase classname="dependency-check" name="jquery.bgiframe.js"/></testsuite><testsuite failures="0" errors="0" time="0" id="61" name="/src/venv/lib/python3.10/site-packages/django/contrib/admin/static/admin/js/jquery.init.js" package="jquery.init.js" skipped="0" tests="1" timestamp="2025-07-02T18:04:03.057699032"><testcase classname="dependency-check" name="jquery.init.js"/></testsuite><testsuite failures="0" errors="0" time="0" id="62" name="/src/venv/lib/python3.10/site-packages/django/contrib/admin/static/admin/js/vendor/jquery/jquery.js" package="jquery.js" skipped="0" tests="1" timestamp="2025-07-02T18:04:03.057699032"><testcase classname="dependency-check" name="jquery.js"/></testsuite><testsuite failures="0" errors="0" time="0" id="63" name="/src/venv/lib/python3.10/site-packages/rest_framework/static/rest_framework/docs/js/jquery.json-view.min.js" package="jquery.json-view.min.js" skipped="0" tests="1" timestamp="2025-07-02T18:04:03.057699032"><testcase classname="dependency-check" name="jquery.json-view.min.js"/></testsuite><testsuite failures="0" errors="0" time="0" id="64" name="/src/venv/lib/python3.10/site-packages/django/contrib/admin/static/admin/js/vendor/jquery/jquery.min.js" package="jquery.min.js" skipped="0" tests="1" timestamp="2025-07-02T18:04:03.057699032"><testcase classname="dependency-check" name="jquery.min.js"/></testsuite><testsuite failures="0" errors="0" time="0" id="65" name="/src/venv/lib/python3.10/site-packages/django/contrib/admin/static/admin/js/vendor/select2/i18n/ka.js" package="ka.js" skipped="0" tests="1" timestamp="2025-07-02T18:04:03.057699032"><testcase classname="dependency-check" name="ka.js"/></testsuite><testsuite failures="0" errors="0" time="0" id="66" name="/src/venv/lib/python3.10/site-packages/django/contrib/admin/static/admin/js/vendor/select2/i18n/km.js" package="km.js" skipped="0" tests="1" timestamp="2025-07-02T18:04:03.057699032"><testcase classname="dependency-check" name="km.js"/></testsuite><testsuite failures="0" errors="0" time="0" id="67" name="/src/venv/lib/python3.10/site-packages/django/contrib/admin/static/admin/js/vendor/select2/i18n/ko.js" package="ko.js" skipped="0" tests="1" timestamp="2025-07-02T18:04:03.057699032"><testcase classname="dependency-check" name="ko.js"/></testsuite><testsuite failures="0" errors="0" time="0" id="68" name="/src/venv/lib/python3.10/site-packages/django/contrib/admin/static/admin/js/vendor/select2/i18n/lt.js" package="lt.js" skipped="0" tests="1" timestamp="2025-07-02T18:04:03.057699032"><testcase classname="dependency-check" name="lt.js"/></testsuite><testsuite failures="0" errors="0" time="0" id="69" name="/src/venv/lib/python3.10/site-packages/django/contrib/admin/static/admin/js/vendor/select2/i18n/lv.js" package="lv.js" skipped="0" tests="1" timestamp="2025-07-02T18:04:03.057699032"><testcase classname="dependency-check" name="lv.js"/></testsuite><testsuite failures="0" errors="0" time="0" id="70" name="/src/venv/lib/python3.10/site-packages/django/contrib/admin/static/admin/js/vendor/select2/i18n/mk.js" package="mk.js" skipped="0" tests="1" timestamp="2025-07-02T18:04:03.057699032"><testcase classname="dependency-check" name="mk.js"/></testsuite><testsuite failures="0" errors="0" time="0" id="71" name="/src/venv/lib/python3.10/site-packages/django/contrib/admin/static/admin/js/vendor/select2/i18n/ms.js" package="ms.js" skipped="0" tests="1" timestamp="2025-07-02T18:04:03.057699032"><testcase classname="dependency-check" name="ms.js"/></testsuite><testsuite failures="0" errors="0" time="0" id="72" name="/src/venv/lib/python3.10/site-packages/django/contrib/admin/static/admin/js/nav_sidebar.js" package="nav_sidebar.js" skipped="0" tests="1" timestamp="2025-07-02T18:04:03.057699032"><testcase classname="dependency-check" name="nav_sidebar.js"/></testsuite><testsuite failures="0" errors="0" time="0" id="73" name="/src/venv/lib/python3.10/site-packages/django/contrib/admin/static/admin/js/vendor/select2/i18n/nb.js" package="nb.js" skipped="0" tests="1" timestamp="2025-07-02T18:04:03.057699032"><testcase classname="dependency-check" name="nb.js"/></testsuite><testsuite failures="0" errors="0" time="0" id="74" name="/src/venv/lib/python3.10/site-packages/django/contrib/admin/static/admin/js/vendor/select2/i18n/ne.js" package="ne.js" skipped="0" tests="1" timestamp="2025-07-02T18:04:03.057699032"><testcase classname="dependency-check" name="ne.js"/></testsuite><testsuite failures="0" errors="0" time="0" id="75" name="/src/venv/lib/python3.10/site-packages/django/contrib/admin/static/admin/js/vendor/select2/i18n/nl.js" package="nl.js" skipped="0" tests="1" timestamp="2025-07-02T18:04:03.057699032"><testcase classname="dependency-check" name="nl.js"/></testsuite><testsuite failures="0" errors="0" time="0" id="76" name="/src/venv/lib/python3.10/site-packages/django/contrib/gis/templates/gis/admin/openlayers.js" package="openlayers.js" skipped="0" tests="1" timestamp="2025-07-02T18:04:03.057699032"><testcase classname="dependency-check" name="openlayers.js"/></testsuite><testsuite failures="0" errors="0" time="0" id="77" name="/src/venv/lib/python3.10/site-packages/django/contrib/gis/templates/gis/admin/osm.js" package="osm.js" skipped="0" tests="1" timestamp="2025-07-02T18:04:03.057699032"><testcase classname="dependency-check" name="osm.js"/></testsuite><testsuite failures="0" errors="0" time="0" id="78" name="/src/venv/lib/python3.10/site-packages/django/contrib/admin/static/admin/js/vendor/select2/i18n/pl.js" package="pl.js" skipped="0" tests="1" timestamp="2025-07-02T18:04:03.057699032"><testcase classname="dependency-check" name="pl.js"/></testsuite><testsuite failures="0" errors="0" time="0" id="79" name="/src/venv/lib/python3.10/site-packages/django/contrib/admin/static/admin/js/popup_response.js" package="popup_response.js" skipped="0" tests="1" timestamp="2025-07-02T18:04:03.057699032"><testcase classname="dependency-check" name="popup_response.js"/></testsuite><testsuite failures="0" errors="0" time="0" id="80" name="/src/venv/lib/python3.10/site-packages/django/contrib/admin/static/admin/js/prepopulate.js" package="prepopulate.js" skipped="0" tests="1" timestamp="2025-07-02T18:04:03.057699032"><testcase classname="dependency-check" name="prepopulate.js"/></testsuite><testsuite failures="0" errors="0" time="0" id="81" name="/src/venv/lib/python3.10/site-packages/django/contrib/admin/static/admin/js/prepopulate_init.js" package="prepopulate_init.js" skipped="0" tests="1" timestamp="2025-07-02T18:04:03.057699032"><testcase classname="dependency-check" name="prepopulate_init.js"/></testsuite><testsuite failures="0" errors="0" time="0" id="82" name="/src/venv/lib/python3.10/site-packages/rest_framework/static/rest_framework/js/prettify-min.js" package="prettify-min.js" skipped="0" tests="1" timestamp="2025-07-02T18:04:03.057699032"><testcase classname="dependency-check" name="prettify-min.js"/></testsuite><testsuite failures="0" errors="0" time="0" id="83" name="/src/venv/lib/python3.10/site-packages/django/contrib/admin/static/admin/js/vendor/select2/i18n/ps.js" package="ps.js" skipped="0" tests="1" timestamp="2025-07-02T18:04:03.057699032"><testcase classname="dependency-check" name="ps.js"/></testsuite><testsuite failures="0" errors="0" time="0" id="84" name="/src/venv/lib/python3.10/site-packages/django/contrib/admin/static/admin/js/vendor/select2/i18n/pt-BR.js" package="pt-BR.js" skipped="0" tests="1" timestamp="2025-07-02T18:04:03.057699032"><testcase classname="dependency-check" name="pt-BR.js"/></testsuite><testsuite failures="0" errors="0" time="0" id="85" name="/src/venv/lib/python3.10/site-packages/django/contrib/admin/static/admin/js/vendor/select2/i18n/pt.js" package="pt.js" skipped="0" tests="1" timestamp="2025-07-02T18:04:03.057699032"><testcase classname="dependency-check" name="pt.js"/></testsuite><testsuite failures="0" errors="0" time="0" id="86" name="/src/venv/lib/python3.10/site-packages/django/contrib/admin/static/admin/js/vendor/select2/i18n/ro.js" package="ro.js" skipped="0" tests="1" timestamp="2025-07-02T18:04:03.057699032"><testcase classname="dependency-check" name="ro.js"/></testsuite><testsuite failures="0" errors="0" time="0" id="87" name="/src/venv/lib/python3.10/site-packages/django/contrib/admin/static/admin/js/vendor/select2/i18n/ru.js" package="ru.js" skipped="0" tests="1" timestamp="2025-07-02T18:04:03.057699032"><testcase classname="dependency-check" name="ru.js"/></testsuite><testsuite failures="0" errors="0" time="0" id="88" name="/src/venv/lib/python3.10/site-packages/rest_framework/templates/rest_framework/schema.js" package="schema.js" skipped="0" tests="1" timestamp="2025-07-02T18:04:03.057699032"><testcase classname="dependency-check" name="schema.js"/></testsuite><testsuite failures="0" errors="0" time="0" id="89" name="/src/venv/lib/python3.10/site-packages/django/contrib/admin/static/admin/js/vendor/select2/select2.full.js" package="select2.full.js" skipped="0" tests="1" timestamp="2025-07-02T18:04:03.057699032"><testcase classname="dependency-check" name="select2.full.js"/></testsuite><testsuite failures="0" errors="0" time="0" id="90" name="/src/venv/lib/python3.10/site-packages/django/contrib/admin/static/admin/js/vendor/select2/select2.full.min.js" package="select2.full.min.js" skipped="0" tests="1" timestamp="2025-07-02T18:04:03.057699032"><testcase classname="dependency-check" name="select2.full.min.js"/></testsuite><testsuite failures="0" errors="0" time="0" id="91" name="/src/venv/lib/python3.10/site-packages/django/contrib/admin/static/admin/js/vendor/select2/i18n/sk.js" package="sk.js" skipped="0" tests="1" timestamp="2025-07-02T18:04:03.057699032"><testcase classname="dependency-check" name="sk.js"/></testsuite><testsuite failures="0" errors="0" time="0" id="92" name="/src/venv/lib/python3.10/site-packages/django/contrib/admin/static/admin/js/vendor/select2/i18n/sl.js" package="sl.js" skipped="0" tests="1" timestamp="2025-07-02T18:04:03.057699032"><testcase classname="dependency-check" name="sl.js"/></testsuite><testsuite failures="0" errors="0" time="0" id="93" name="/src/venv/lib/python3.10/site-packages/django/contrib/admin/static/admin/js/vendor/select2/i18n/sq.js" package="sq.js" skipped="0" tests="1" timestamp="2025-07-02T18:04:03.057699032"><testcase classname="dependency-check" name="sq.js"/></testsuite><testsuite failures="0" errors="0" time="0" id="94" name="/src/venv/lib/python3.10/site-packages/django/contrib/admin/static/admin/js/vendor/select2/i18n/sr-Cyrl.js" package="sr-Cyrl.js" skipped="0" tests="1" timestamp="2025-07-02T18:04:03.057699032"><testcase classname="dependency-check" name="sr-Cyrl.js"/></testsuite><testsuite failures="0" errors="0" time="0" id="95" name="/src/venv/lib/python3.10/site-packages/django/contrib/admin/static/admin/js/vendor/select2/i18n/sr.js" package="sr.js" skipped="0" tests="1" timestamp="2025-07-02T18:04:03.057699032"><testcase classname="dependency-check" name="sr.js"/></testsuite><testsuite failures="0" errors="0" time="0" id="96" name="/src/venv/lib/python3.10/site-packages/django/contrib/admin/static/admin/js/vendor/select2/i18n/sv.js" package="sv.js" skipped="0" tests="1" timestamp="2025-07-02T18:04:03.057699032"><testcase classname="dependency-check" name="sv.js"/></testsuite><testsuite failures="0" errors="0" time="0" id="97" name="/src/venv/lib/python3.10/site-packages/drf_spectacular/templates/drf_spectacular/swagger_ui.js" package="swagger_ui.js" skipped="0" tests="1" timestamp="2025-07-02T18:04:03.057699032"><testcase classname="dependency-check" name="swagger_ui.js"/></testsuite><testsuite failures="0" errors="0" time="0" id="98" name="/src/venv/lib/python3.10/site-packages/distlib/t32.exe" package="t32.exe" skipped="0" tests="1" timestamp="2025-07-02T18:04:03.057699032"><testcase classname="dependency-check" name="t32.exe"/></testsuite><testsuite failures="0" errors="0" time="0" id="99" name="/src/venv/lib/python3.10/site-packages/distlib/t64-arm.exe" package="t64-arm.exe" skipped="0" tests="1" timestamp="2025-07-02T18:04:03.057699032"><testcase classname="dependency-check" name="t64-arm.exe"/></testsuite><testsuite failures="0" errors="0" time="0" id="100" name="/src/venv/lib/python3.10/site-packages/distlib/t64.exe" package="t64.exe" skipped="0" tests="1" timestamp="2025-07-02T18:04:03.057699032"><testcase classname="dependency-check" name="t64.exe"/></testsuite><testsuite failures="0" errors="0" time="0" id="101" name="/src/venv/lib/python3.10/site-packages/django/contrib/admin/static/admin/js/vendor/select2/i18n/th.js" package="th.js" skipped="0" tests="1" timestamp="2025-07-02T18:04:03.057699032"><testcase classname="dependency-check" name="th.js"/></testsuite><testsuite failures="0" errors="0" time="0" id="102" name="/src/venv/lib/python3.10/site-packages/django/contrib/admin/static/admin/js/theme.js" package="theme.js" skipped="0" tests="1" timestamp="2025-07-02T18:04:03.057699032"><testcase classname="dependency-check" name="theme.js"/></testsuite><testsuite failures="0" errors="0" time="0" id="103" name="/src/venv/lib/python3.10/site-packages/django/contrib/admin/static/admin/js/vendor/select2/i18n/tk.js" package="tk.js" skipped="0" tests="1" timestamp="2025-07-02T18:04:03.057699032"><testcase classname="dependency-check" name="tk.js"/></testsuite><testsuite failures="0" errors="0" time="0" id="104" name="/src/venv/lib/python3.10/site-packages/django/contrib/admin/static/admin/js/vendor/select2/i18n/tr.js" package="tr.js" skipped="0" tests="1" timestamp="2025-07-02T18:04:03.057699032"><testcase classname="dependency-check" name="tr.js"/></testsuite><testsuite failures="0" errors="0" time="0" id="105" name="/src/venv/lib/python3.10/site-packages/django/contrib/admin/static/admin/js/vendor/select2/i18n/uk.js" package="uk.js" skipped="0" tests="1" timestamp="2025-07-02T18:04:03.057699032"><testcase classname="dependency-check" name="uk.js"/></testsuite><testsuite failures="0" errors="0" time="0" id="106" name="/src/venv/lib/python3.10/site-packages/django/contrib/admin/static/admin/js/urlify.js" package="urlify.js" skipped="0" tests="1" timestamp="2025-07-02T18:04:03.057699032"><testcase classname="dependency-check" name="urlify.js"/></testsuite><testsuite failures="0" errors="0" time="0" id="107" name="/src/venv/lib/python3.10/site-packages/django/contrib/admin/static/admin/js/vendor/select2/i18n/vi.js" package="vi.js" skipped="0" tests="1" timestamp="2025-07-02T18:04:03.057699032"><testcase classname="dependency-check" name="vi.js"/></testsuite><testsuite failures="0" errors="0" time="0" id="108" name="/src/venv/lib/python3.10/site-packages/distlib/w32.exe" package="w32.exe" skipped="0" tests="1" timestamp="2025-07-02T18:04:03.057699032"><testcase classname="dependency-check" name="w32.exe"/></testsuite><testsuite failures="0" errors="0" time="0" id="109" name="/src/venv/lib/python3.10/site-packages/distlib/w64-arm.exe" package="w64-arm.exe" skipped="0" tests="1" timestamp="2025-07-02T18:04:03.057699032"><testcase classname="dependency-check" name="w64-arm.exe"/></testsuite><testsuite failures="0" errors="0" time="0" id="110" name="/src/venv/lib/python3.10/site-packages/distlib/w64.exe" package="w64.exe" skipped="0" tests="1" timestamp="2025-07-02T18:04:03.057699032"><testcase classname="dependency-check" name="w64.exe"/></testsuite><testsuite failures="0" errors="0" time="0" id="111" name="/src/venv/lib/python3.10/site-packages/django/contrib/admin/static/admin/js/vendor/xregexp/xregexp.js" package="xregexp.js" skipped="0" tests="1" timestamp="2025-07-02T18:04:03.057699032"><testcase classname="dependency-check" name="xregexp.js"/></testsuite><testsuite failures="0" errors="0" time="0" id="112" name="/src/venv/lib/python3.10/site-packages/django/contrib/admin/static/admin/js/vendor/xregexp/xregexp.min.js" package="xregexp.min.js" skipped="0" tests="1" timestamp="2025-07-02T18:04:03.057699032"><testcase classname="dependency-check" name="xregexp.min.js"/></testsuite><testsuite failures="0" errors="0" time="0" id="113" name="/src/venv/lib/python3.10/site-packages/django/contrib/admin/static/admin/js/vendor/select2/i18n/zh-CN.js" package="zh-CN.js" skipped="0" tests="1" timestamp="2025-07-02T18:04:03.057699032"><testcase classname="dependency-check" name="zh-CN.js"/></testsuite><testsuite failures="0" errors="0" time="0" id="114" name="/src/venv/lib/python3.10/site-packages/django/contrib/admin/static/admin/js/vendor/select2/i18n/zh-TW.js" package="zh-TW.js" skipped="0" tests="1" timestamp="2025-07-02T18:04:03.057699032"><testcase classname="dependency-check" name="zh-TW.js"/></testsuite></testsuites>